-------------------------------------------------------------------------------
Test set: teste.somaTeste
-------------------------------------------------------------------------------
Tests run: 1, Failures: 1, Errors: 0, Skipped: 0, Time elapsed: 0.058 s <<< FAILURE! - in teste.somaTeste
teste.somaTeste.testeSoma  Time elapsed: 0.011 s  <<< FAILURE!
junit.framework.AssertionFailedError: expected:<10.0> but was:<15.0>
	at teste.somaTeste.testeSoma(somaTeste.java:17)

